0 silly argv {
0 silly argv   _: [ 'run' ],
0 silly argv   'include-dependencies': true,
0 silly argv   includeDependencies: true,
0 silly argv   lernaVersion: '4.0.0',
0 silly argv   '$0': 'node_modules\\lerna\\cli.js',
0 silly argv   script: 'build'
0 silly argv }
1 notice cli v4.0.0
2 verbose rootPath C:\Users\sky-s\Documents\matcha-cream
3 error JSONError: Unexpected token "}" (0x7D) in JSON at position 663 while parsing near "...ctor\": \"^6.2.7\",\r\n  },\r\n  \"devDependenci..." in packages\web\package.json
3 error
3 error [0m [90m 22 |[39m     [32m"@web3-react/injected-connector"[39m[33m:[39m [32m"^6.0.7"[39m[33m,[39m[0m
3 error [0m [90m 23 |[39m     [32m"@web3-react/walletconnect-connector"[39m[33m:[39m [32m"^6.2.7"[39m[33m,[39m[0m
3 error [0m[31m[1m>[22m[39m[90m 24 |[39m   }[33m,[39m[0m
3 error [0m [90m    |[39m   [31m[1m^[22m[39m[0m
3 error [0m [90m 25 |[39m   [32m"devDependencies"[39m[33m:[39m {[0m
3 error [0m [90m 26 |[39m     [32m"@types/node"[39m[33m:[39m [32m"17.0.21"[39m[33m,[39m[0m
3 error [0m [90m 27 |[39m     [32m"@types/react"[39m[33m:[39m [32m"17.0.40"[39m[33m,[39m[0m
3 error
3 error     at parseJson (C:\Users\sky-s\Documents\matcha-cream\node_modules\parse-json\index.js:29:21)
3 error     at parse (C:\Users\sky-s\Documents\matcha-cream\node_modules\load-json-file\index.js:15:9)
3 error     at module.exports (C:\Users\sky-s\Documents\matcha-cream\node_modules\load-json-file\index.js:18:47)
